<?xml version="1.0" encoding="UTF-8"?>

<mule xmlns="http://www.mulesoft.org/schema/mule/core" xmlns:sfdc="http://www.mulesoft.org/schema/mule/sfdc" xmlns:doc="http://www.mulesoft.org/schema/mule/documentation" xmlns:spring="http://www.springframework.org/schema/beans" xmlns:core="http://www.mulesoft.org/schema/mule/core" version="EE-3.5.0" xmlns:xsi="http://www.w3.org/2001/XMLSchema-instance" xsi:schemaLocation="http://www.mulesoft.org/schema/mule/sfdc http://www.mulesoft.org/schema/mule/sfdc/current/mule-sfdc.xsd
http://www.springframework.org/schema/beans http://www.springframework.org/schema/beans/spring-beans-current.xsd
http://www.mulesoft.org/schema/mule/core http://www.mulesoft.org/schema/mule/core/current/mule.xsd">
    <sub-flow name="createContactFlowA" doc:name="createContactFlowA">
        <sfdc:create config-ref="SalesforceA" type="Contact" doc:name="Salesforce">
            <sfdc:objects ref="#[payload]"/>
        </sfdc:create>
        <logger message="Create Contacts in A result: #[payload]" level="INFO" doc:name="Logger"/>
    </sub-flow>
    <sub-flow name="createContactFlowB" doc:name="createContactFlowB">
        <sfdc:create config-ref="SalesforceB" type="Contact" doc:name="Salesforce">
            <sfdc:objects ref="#[payload]"/>
        </sfdc:create>
        <logger message="Create Contacts in B result: #[payload]" level="INFO" doc:name="Logger"/>
    </sub-flow>
    <sub-flow name="retrieveContactFromBFlow" doc:name="retrieveContactFromBFlow">
        <sfdc:query-single config-ref="SalesforceB" query="SELECT Id, FirstName, LastName, Email, MailingCountry, AccountId FROM Contact WHERE Email = '#[payload['Email']]'" doc:name="Salesforce"/>
        <logger message="Retrieve Contacts result: #[payload]" level="INFO" doc:name="Logger"/>
    </sub-flow>
    <sub-flow name="deleteContactFromAFlow" doc:name="deleteContactFromAFlow">
        <sfdc:delete config-ref="SalesforceA" doc:name="Salesforce">
            <sfdc:ids ref="#[payload]"/>
        </sfdc:delete>
        <logger message="Remove Contacts from A result: #[payload]" level="INFO" doc:name="Logger"/>
    </sub-flow>
    <sub-flow name="deleteContactFromBFlow" doc:name="deleteContactFromBFlow">
        <sfdc:delete config-ref="SalesforceB" doc:name="Salesforce">
            <sfdc:ids ref="#[payload]"/>
        </sfdc:delete>
        <logger message="Remove Contacts from B result: #[payload]" level="INFO" doc:name="Logger"/>
    </sub-flow>
    <sub-flow name="createAccountFlow" doc:name="createAccountFlow">
        <sfdc:create config-ref="SalesforceA" type="Account" doc:name="Salesforce">
            <sfdc:objects ref="#[payload]"/>
        </sfdc:create>
    </sub-flow>
    <sub-flow name="retrieveAccountFlowFromB" doc:name="retrieveAccountFlowFromB">
        <sfdc:query-single config-ref="SalesforceB" query="SELECT Id, Name FROM Account WHERE Name = '#[payload['Name']]'" doc:name="Salesforce"/>
    </sub-flow>
    <sub-flow name="deleteAccountFromAFlow" doc:name="deleteAccountFromAFlow">
        <sfdc:delete config-ref="SalesforceA" doc:name="Salesforce">
            <sfdc:ids ref="#[payload]"/>
        </sfdc:delete>
    </sub-flow>
    <sub-flow name="deleteAccountFromBFlow" doc:name="deleteAccountFromBFlow">
        <sfdc:delete config-ref="SalesforceB" doc:name="Salesforce">
            <sfdc:ids ref="#[payload]"/>
        </sfdc:delete>
    </sub-flow>
</mule>
